<?xml version="1.0" encoding="UTF-8"?>
<!-- Generated by org.testng.reporters.JUnitXMLReporter -->
<testsuite ignored="0" hostname="TYSS-Chaithra" failures="0" tests="2" name="Test-Eunner-2" time="9.781" errors="0" timestamp="2025-03-19T12:43:16 IST">
  <testcase classname="productTests.AddProductToCartTest" name="sampleTest" time="0.005"/>
  <testcase classname="productTests.AddProductToCartTest" name="tc_001_AddProductToCartTest" time="1.151"/>
</testsuite> <!-- Test-Eunner-2 -->
