<?xml version="1.0" encoding="UTF-8"?>
<!-- Generated by org.testng.reporters.JUnitXMLReporter -->
<testsuite ignored="0" hostname="TYSS-Chaithra" failures="0" tests="1" name="Test-Runner-1" time="10.972" errors="0" timestamp="2025-03-19T12:43:17 IST">
  <testcase classname="productTests.AddLowestPrizeProductTest" name="tc_002_addLowestPriceProductToCartTest" time="0.374"/>
</testsuite> <!-- Test-Runner-1 -->
