<?xml version="1.0" encoding="UTF-8"?>
<!-- Generated by org.testng.reporters.JUnitReportReporter -->
<testsuite hostname="TYSS-Chaithra" failures="0" tests="1" name="productTests.AddLowestPrizeProductTest" time="4.000" errors="0" timestamp="2025-03-21T12:47:45 IST" skipped="0">
  <testcase classname="productTests.AddLowestPrizeProductTest" name="tc_002_addLowestPriceProductToCartTest" time="4.000"/>
  <system-out/>
</testsuite> <!-- productTests.AddLowestPrizeProductTest -->
